#
# There is insufficient memory for the Java Runtime Environment to continue.
# Native memory allocation (malloc) failed to allocate 1048576 bytes for AllocateHeap
# Possible reasons:
#   The system is out of physical RAM or swap space
#   The process is running with CompressedOops enabled, and the Java Heap may be blocking the growth of the native heap
# Possible solutions:
#   Reduce memory load on the system
#   Increase physical memory or swap space
#   Check if swap backing store is full
#   Decrease Java heap size (-Xmx/-Xms)
#   Decrease number of Java threads
#   Decrease Java thread stack sizes (-Xss)
#   Set larger code cache with -XX:ReservedCodeCacheSize=
#   JVM is running with Unscaled Compressed Oops mode in which the Java heap is
#     placed in the first 4GB address space. The Java Heap base address is the
#     maximum limit for the native heap growth. Please use -XX:HeapBaseMinAddress
#     to set the Java Heap base and to place the Java Heap above 4GB virtual address.
# This output file may be truncated or incomplete.
#
#  Out of Memory Error (memory/allocation.inline.hpp:61), pid=11836, tid=0x0000000000003068
#
# JRE version:  (8.0_261-b12) (build )
# Java VM: Java HotSpot(TM) 64-Bit Server VM (25.261-b12 mixed mode windows-amd64 compressed oops)
# Failed to write core dump. Minidumps are not enabled by default on client versions of Windows
#

---------------  T H R E A D  ---------------

Current thread (0x000002c800166000):  JavaThread "Unknown thread" [_thread_in_vm, id=12392, stack(0x000000cab3600000,0x000000cab3700000)]

Stack: [0x000000cab3600000,0x000000cab3700000]
Native frames: (J=compiled Java code, j=interpreted, Vv=VM code, C=native code)
V  [jvm.dll+0x33e5f9]
V  [jvm.dll+0x2850e2]
V  [jvm.dll+0x285d8d]
V  [jvm.dll+0x27c895]
V  [jvm.dll+0x1565d]
V  [jvm.dll+0x3d87f8]
V  [jvm.dll+0x3d94ea]
V  [jvm.dll+0x3d5557]
V  [jvm.dll+0x10c61f]
V  [jvm.dll+0x21a00b]
V  [jvm.dll+0x248687]
V  [jvm.dll+0x172116]
C  [java.exe+0x2312]
C  [java.exe+0x15f64]
C  [KERNEL32.DLL+0x17e94]
C  [ntdll.dll+0x67ad1]


---------------  P R O C E S S  ---------------

Java Threads: ( => current thread )

Other Threads:

=>0x000002c800166000 (exited) JavaThread "Unknown thread" [_thread_in_vm, id=12392, stack(0x000000cab3600000,0x000000cab3700000)]

VM state:not at safepoint (normal execution)

VM Mutex/Monitor currently owned by a thread: None

heap address: 0x00000000c1400000, size: 1004 MB, Compressed Oops mode: 32-bit
Narrow klass base: 0x0000000000000000, Narrow klass shift: 3
Compressed class space size: 1073741824 Address: 0x0000000100000000

Heap:
 PSYoungGen      total 18944K, used 327K [0x00000000eb180000, 0x00000000ec680000, 0x0000000100000000)
  eden space 16384K, 2% used [0x00000000eb180000,0x00000000eb1d1ec8,0x00000000ec180000)
  from space 2560K, 0% used [0x00000000ec400000,0x00000000ec400000,0x00000000ec680000)
  to   space 2560K, 0% used [0x00000000ec180000,0x00000000ec180000,0x00000000ec400000)
 ParOldGen       total 44032K, used 0K [0x00000000c1400000, 0x00000000c3f00000, 0x00000000eb180000)
  object space 44032K, 0% used [0x00000000c1400000,0x00000000c1400000,0x00000000c3f00000)
 Metaspace       used 752K, capacity 4480K, committed 4480K, reserved 1056768K
  class space    used 76K, capacity 384K, committed 384K, reserved 1048576K

Card table byte_map: [0x000002c810e30000,0x000002c811030000] byte_map_base: 0x000002c810826000

Marking Bits: (ParMarkBitMap*) 0x000000006c404fb0
 Begin Bits: [0x000002c811180000, 0x000002c812130000)
 End Bits:   [0x000002c812130000, 0x000002c8130e0000)

Polling page: 0x000002c800280000

CodeCache: size=245760Kb used=328Kb max_used=328Kb free=245431Kb
 bounds [0x000002c801a70000, 0x000002c801ce0000, 0x000002c810a70000]
 total_blobs=58 nmethods=0 adapters=38
 compilation: enabled

Compilation events (0 events):
No events

GC Heap History (0 events):
No events

Deoptimization events (0 events):
No events

Classes redefined (0 events):
No events

Internal exceptions (0 events):
No events

Events (10 events):
Event: 0.038 loading class java/lang/Short
Event: 0.038 loading class java/lang/Short done
Event: 0.038 loading class java/lang/Integer
Event: 0.038 loading class java/lang/Integer done
Event: 0.038 loading class java/lang/Long
Event: 0.038 loading class java/lang/Long done
Event: 0.039 loading class java/lang/NullPointerException
Event: 0.039 loading class java/lang/NullPointerException done
Event: 0.039 loading class java/lang/ArithmeticException
Event: 0.039 loading class java/lang/ArithmeticException done


Dynamic libraries:
0x00007ff69e810000 - 0x00007ff69e857000 	C:\Program Files (x86)\Common Files\Oracle\Java\javapath\java.exe
0x00007fff9b190000 - 0x00007fff9b37d000 	C:\Windows\SYSTEM32\ntdll.dll
0x00007fff9a6d0000 - 0x00007fff9a783000 	C:\Windows\System32\KERNEL32.DLL
0x00007fff97e60000 - 0x00007fff980f3000 	C:\Windows\System32\KERNELBASE.dll
0x00007fff99d30000 - 0x00007fff99dd3000 	C:\Windows\System32\ADVAPI32.dll
0x00007fff9a160000 - 0x00007fff9a1fe000 	C:\Windows\System32\msvcrt.dll
0x00007fff9a7c0000 - 0x00007fff9a85e000 	C:\Windows\System32\sechost.dll
0x00007fff983c0000 - 0x00007fff984e3000 	C:\Windows\System32\RPCRT4.dll
0x00007fff9ae40000 - 0x00007fff9afd7000 	C:\Windows\System32\USER32.dll
0x00007fff98100000 - 0x00007fff98120000 	C:\Windows\System32\win32u.dll
0x00007fff9b130000 - 0x00007fff9b159000 	C:\Windows\System32\GDI32.dll
0x00007fff98220000 - 0x00007fff983ba000 	C:\Windows\System32\gdi32full.dll
0x00007fff98180000 - 0x00007fff98220000 	C:\Windows\System32\msvcp_win.dll
0x00007fff97c10000 - 0x00007fff97d0c000 	C:\Windows\System32\ucrtbase.dll
0x00007fff7f5e0000 - 0x00007fff7f859000 	C:\Windows\WinSxS\amd64_microsoft.windows.common-controls_6595b64144ccf1df_6.0.17763.107_none_05b63884071e656e\COMCTL32.dll
0x00007fff9a2c0000 - 0x00007fff9a5ee000 	C:\Windows\System32\combase.dll
0x00007fff97d10000 - 0x00007fff97d8e000 	C:\Windows\System32\bcryptPrimitives.dll
0x00007fff9a790000 - 0x00007fff9a7be000 	C:\Windows\System32\IMM32.DLL
0x00007fff87ea0000 - 0x00007fff87eb5000 	C:\Program Files\Java\jre1.8.0_261\bin\vcruntime140.dll
0x00007fff87e00000 - 0x00007fff87e9b000 	C:\Program Files\Java\jre1.8.0_261\bin\msvcp140.dll
0x000000006bc10000 - 0x000000006c47c000 	C:\Program Files\Java\jre1.8.0_261\bin\server\jvm.dll
0x00007fff99ed0000 - 0x00007fff99ed8000 	C:\Windows\System32\PSAPI.DLL
0x00007fff94cf0000 - 0x00007fff94d14000 	C:\Windows\SYSTEM32\WINMM.dll
0x00007fff86580000 - 0x00007fff8658a000 	C:\Windows\SYSTEM32\VERSION.dll
0x00007fff878f0000 - 0x00007fff878f9000 	C:\Windows\SYSTEM32\WSOCK32.dll
0x00007fff99e60000 - 0x00007fff99ecd000 	C:\Windows\System32\WS2_32.dll
0x00007fff94ba0000 - 0x00007fff94bcd000 	C:\Windows\SYSTEM32\winmmbase.dll
0x00007fff97b90000 - 0x00007fff97bda000 	C:\Windows\System32\cfgmgr32.dll
0x00007fff97210000 - 0x00007fff97221000 	C:\Windows\System32\kernel.appcore.dll
0x00007fff87df0000 - 0x00007fff87e00000 	C:\Program Files\Java\jre1.8.0_261\bin\verify.dll
0x00007fff85a70000 - 0x00007fff85a9b000 	C:\Program Files\Java\jre1.8.0_261\bin\java.dll
0x00007fff860e0000 - 0x00007fff860f8000 	C:\Program Files\Java\jre1.8.0_261\bin\zip.dll
0x00007fff95b90000 - 0x00007fff95d7d000 	C:\Windows\SYSTEM32\dbghelp.dll

VM Arguments:
java_command: <unknown>
java_class_path (initial): .
Launcher Type: SUN_STANDARD

Environment Variables:
PATH=E:\React Native Tests\TestApp\android\node_modules\.bin;E:\React Native Tests\TestApp\node_modules\.bin;E:\React Native Tests\node_modules\.bin;E:\node_modules\.bin;C:\Program Files\nodejs;E:\React Native Tests\TestApp\node_modules\.bin;C:\Program Files (x86)\Common Files\Oracle\Java\javapath;C:\Windows\system32;C:\Windows;C:\Windows\System32\Wbem;C:\Windows\System32\WindowsPowerShell\v1.0\;C:\Windows\System32\OpenSSH\;C:\Program Files\Git\cmd;C:\Program Files\nodejs\;C:\Program Files\Java\jdk1.8.0_241\bin;C:\Users\pak\AppData\Local\Android\Sdk;C:\Program Files\Android\Android Studio\jre;C:\Users\pak\AppData\Local\Android\Sdk\platform-tools;C:\Program Files\dotnet\;C:\Program Files (x86)\dotnet\;C:\Users\pak\AppData\Local\Microsoft\WindowsApps;C:\Users\pak\AppData\Roaming\npm;C:\Users\pak\AppData\Local\Programs\Microsoft VS Code\bin
USERNAME=pak
OS=Windows_NT
PROCESSOR_IDENTIFIER=Intel64 Family 6 Model 61 Stepping 4, GenuineIntel



---------------  S Y S T E M  ---------------

OS: Windows 10.0 , 64 bit Build 17763 (10.0.17763.1)

CPU:total 4 (initial active 4) (2 cores per cpu, 2 threads per core) family 6 model 61 stepping 4, cmov, cx8, fxsr, mmx, sse, sse2, sse3, ssse3, sse4.1, sse4.2, popcnt, avx, avx2, aes, clmul, erms, 3dnowpref, lzcnt, ht, tsc, tscinvbit, bmi1, bmi2, adx

Memory: 4k page, physical 4107804k(724400k free), swap 5675788k(5932k free)

vm_info: Java HotSpot(TM) 64-Bit Server VM (25.261-b12) for windows-amd64 JRE (1.8.0_261-b12), built on Jun 18 2020 06:56:32 by "" with unknown MS VC++:1916

time: Tue Sep 22 11:48:17 2020
timezone: Pacific Daylight Time
elapsed time: 0 seconds (0d 0h 0m 0s)

